\BOOKMARK [-1][-]{part.1}{I Tal, rekning og geometri}{}% 1
\BOOKMARK [0][-]{chapter.1}{Tala v\345re }{part.1}% 2
\BOOKMARK [1][-]{section.1.1}{Likskapsteiknet, mengder og tallinjer}{chapter.1}% 3
\BOOKMARK [1][-]{section.1.2}{Tal, siffer og verdi}{chapter.1}% 4
\BOOKMARK [1][-]{section.1.3}{Koordinatsystem}{chapter.1}% 5
\BOOKMARK [0][-]{chapter.2}{Dei fire rekneartane }{part.1}% 6
\BOOKMARK [1][-]{section.2.1}{Addisjon}{chapter.2}% 7
\BOOKMARK [1][-]{section.2.2}{Subtraksjon}{chapter.2}% 8
\BOOKMARK [1][-]{section.2.3}{Multiplikasjon \(Gonging\) }{chapter.2}% 9
\BOOKMARK [1][-]{section.2.4}{Divisjon \(deling\)}{chapter.2}% 10
\BOOKMARK [0][-]{chapter.3}{Faktorisering og reknerekkef\370lge}{part.1}% 11
\BOOKMARK [1][-]{section.3.1}{Faktorisering}{chapter.3}% 12
\BOOKMARK [1][-]{section.3.2}{Reknerekkef\370lge}{chapter.3}% 13
\BOOKMARK [0][-]{chapter.4}{Br\370k}{part.1}% 14
\BOOKMARK [1][-]{section.4.1}{Introduksjon}{chapter.4}% 15
\BOOKMARK [1][-]{section.4.2}{Verdi, utviding og forkorting av br\370k}{chapter.4}% 16
\BOOKMARK [1][-]{section.4.3}{Addisjon og subtraksjon}{chapter.4}% 17
\BOOKMARK [1][-]{section.4.4}{Br\370k gonga med heiltal}{chapter.4}% 18
\BOOKMARK [1][-]{section.4.5}{Br\370k delt med heiltal}{chapter.4}% 19
\BOOKMARK [1][-]{section.4.6}{Br\370k gonga med br\370k}{chapter.4}% 20
\BOOKMARK [1][-]{section.4.7}{Kansellering av faktorar}{chapter.4}% 21
\BOOKMARK [1][-]{section.4.8}{Deling med br\370k}{chapter.4}% 22
\BOOKMARK [1][-]{section.4.9}{Rasjonale tal}{chapter.4}% 23
\BOOKMARK [0][-]{chapter.5}{Negative tal }{part.1}% 24
\BOOKMARK [1][-]{section.5.1}{Introduksjon}{chapter.5}% 25
\BOOKMARK [1][-]{section.5.2}{Dei fire rekneartane med negative tal}{chapter.5}% 26
\BOOKMARK [1][-]{section.5.3}{Negative tal som mengde}{chapter.5}% 27
\BOOKMARK [0][-]{chapter.6}{Geometri}{part.1}% 28
\BOOKMARK [1][-]{section.6.1}{Omgrep}{chapter.6}% 29
\BOOKMARK [1][-]{section.6.2}{Eigenskapar for trekantar og firkantar}{chapter.6}% 30
\BOOKMARK [1][-]{section.6.3}{Omkrins}{chapter.6}% 31
\BOOKMARK [1][-]{section.6.4}{Areal}{chapter.6}% 32
\BOOKMARK [-1][-]{part.2}{II Algebra og geometri }{}% 33
\BOOKMARK [0][-]{chapter.7}{Algebra}{part.2}% 34
\BOOKMARK [1][-]{section.7.1}{Introduksjon}{chapter.7}% 35
\BOOKMARK [1][-]{section.7.2}{Potensar}{chapter.7}% 36
\BOOKMARK [1][-]{section.7.3}{Irrasjonale tal}{chapter.7}% 37
\BOOKMARK [0][-]{chapter.8}{Likningar }{part.2}% 38
\BOOKMARK [1][-]{section.8.1}{Introduksjon}{chapter.8}% 39
\BOOKMARK [1][-]{section.8.2}{L\370ysing ved dei fire rekneartane}{chapter.8}% 40
\BOOKMARK [1][-]{section.8.3}{L\370ysingsmetodane oppsummert}{chapter.8}% 41
\BOOKMARK [1][-]{section.8.4}{Potenslikningar}{chapter.8}% 42
\BOOKMARK [0][-]{chapter.9}{Funksjonar }{part.2}% 43
\BOOKMARK [1][-]{section.9.1}{Introduksjon}{chapter.9}% 44
\BOOKMARK [1][-]{section.9.2}{Line\346re funksjonar og grafar}{chapter.9}% 45
\BOOKMARK [0][-]{chapter.10}{Geometri}{part.2}% 46
\BOOKMARK [1][-]{section.10.1}{Formlar for areal og omkrins}{chapter.10}% 47
\BOOKMARK [1][-]{section.10.2}{Kongruente og formlike trekantar}{chapter.10}% 48
\BOOKMARK [1][-]{section.10.3}{Forklaringar}{chapter.10}% 49
\BOOKMARK [0][-]{chapter*.103}{Indeks}{part.2}% 50
