\BOOKMARK [-1][-]{part.1}{I Tall, regning og geometri}{}% 1
\BOOKMARK [0][-]{chapter.1}{Tallene v\345re }{part.1}% 2
\BOOKMARK [1][-]{section.1.1}{Likhetstegnet, mengder og tallinjer}{chapter.1}% 3
\BOOKMARK [1][-]{section.1.2}{Tall, siffer og verdi}{chapter.1}% 4
\BOOKMARK [1][-]{section.1.3}{Koordinatsystem}{chapter.1}% 5
\BOOKMARK [0][-]{chapter.2}{De fire regneartene }{part.1}% 6
\BOOKMARK [1][-]{section.2.1}{Addisjon}{chapter.2}% 7
\BOOKMARK [1][-]{section.2.2}{Subtraksjon}{chapter.2}% 8
\BOOKMARK [1][-]{section.2.3}{Multiplikasjon \(Gonging\) }{chapter.2}% 9
\BOOKMARK [1][-]{section.2.4}{Divisjon \(deling\)}{chapter.2}% 10
\BOOKMARK [1][-]{section*.9}{Oppgaver}{chapter.2}% 11
\BOOKMARK [0][-]{chapter.3}{Faktorisering og regnerekkef\370lge}{part.1}% 12
\BOOKMARK [1][-]{section.3.1}{Faktorisering}{chapter.3}% 13
\BOOKMARK [1][-]{section.3.2}{Regnerekkef\370lge}{chapter.3}% 14
\BOOKMARK [0][-]{chapter.4}{Utrekningsmetodar }{part.1}% 15
\BOOKMARK [1][-]{section.4.1}{Addisjon}{chapter.4}% 16
\BOOKMARK [1][-]{section.4.2}{Subtraksjon}{chapter.4}% 17
\BOOKMARK [1][-]{section.4.3}{Ganging}{chapter.4}% 18
\BOOKMARK [1][-]{section.4.4}{Divisjon}{chapter.4}% 19
\BOOKMARK [1][-]{section.4.5}{Primtalsfaktorisering }{chapter.4}% 20
\BOOKMARK [1][-]{section*.33}{Oppgaver}{chapter.4}% 21
\BOOKMARK [0][-]{chapter.5}{Br\370k }{part.1}% 22
\BOOKMARK [1][-]{section.5.1}{Introduksjon}{chapter.5}% 23
\BOOKMARK [1][-]{section.5.2}{Verdi, utviding og forkorting av br\370k}{chapter.5}% 24
\BOOKMARK [1][-]{section.5.3}{Addisjon og subtraksjon}{chapter.5}% 25
\BOOKMARK [1][-]{section.5.4}{Br\370k ganget med heltall}{chapter.5}% 26
\BOOKMARK [1][-]{section.5.5}{Br\370k delt med heltall}{chapter.5}% 27
\BOOKMARK [1][-]{section.5.6}{Br\370k ganget med br\370k}{chapter.5}% 28
\BOOKMARK [1][-]{section.5.7}{Kansellering av faktorer}{chapter.5}% 29
\BOOKMARK [1][-]{section.5.8}{Deling med br\370k}{chapter.5}% 30
\BOOKMARK [1][-]{section.5.9}{Rasjonale tall}{chapter.5}% 31
\BOOKMARK [1][-]{section*.56}{Oppgaver}{chapter.5}% 32
\BOOKMARK [0][-]{chapter.6}{Negative tall }{part.1}% 33
\BOOKMARK [1][-]{section.6.1}{Introduksjon}{chapter.6}% 34
\BOOKMARK [1][-]{section.6.2}{De fire regneartane med negative tall}{chapter.6}% 35
\BOOKMARK [1][-]{section.6.3}{Negative tall som mengde}{chapter.6}% 36
\BOOKMARK [0][-]{chapter.7}{Geometri}{part.1}% 37
\BOOKMARK [1][-]{section.7.1}{Begrep}{chapter.7}% 38
\BOOKMARK [1][-]{section.7.2}{Egenskaper for trekanter og firkanter}{chapter.7}% 39
\BOOKMARK [1][-]{section.7.3}{Omkrets}{chapter.7}% 40
\BOOKMARK [1][-]{section.7.4}{Areal}{chapter.7}% 41
\BOOKMARK [1][-]{section.7.5}{Tredimensjonal geometri}{chapter.7}% 42
\BOOKMARK [1][-]{section.7.6}{Volum}{chapter.7}% 43
\BOOKMARK [-1][-]{part.2}{II Algebra og geometri }{}% 44
\BOOKMARK [0][-]{chapter.8}{Algebra}{part.2}% 45
\BOOKMARK [1][-]{section.8.1}{Introduksjon}{chapter.8}% 46
\BOOKMARK [1][-]{section.8.2}{Potenser}{chapter.8}% 47
\BOOKMARK [1][-]{section.8.3}{Irrasjonale tall}{chapter.8}% 48
\BOOKMARK [0][-]{chapter.9}{Likninger }{part.2}% 49
\BOOKMARK [1][-]{section.9.1}{Introduksjon}{chapter.9}% 50
\BOOKMARK [1][-]{section.9.2}{L\370sing ved de fire regneartene}{chapter.9}% 51
\BOOKMARK [1][-]{section.9.3}{L\370singsmetodene oppsummert}{chapter.9}% 52
\BOOKMARK [1][-]{section.9.4}{Potenslikninger}{chapter.9}% 53
\BOOKMARK [1][-]{section.9.5}{Ulikheter}{chapter.9}% 54
\BOOKMARK [2][-]{subsection.9.5.1}{Introduksjon}{section.9.5}% 55
\BOOKMARK [2][-]{subsection.9.5.2}{L\370ysing av ulikskapar}{section.9.5}% 56
\BOOKMARK [0][-]{chapter.10}{Funksjoner }{part.2}% 57
\BOOKMARK [1][-]{section.10.1}{Introduksjon}{chapter.10}% 58
\BOOKMARK [1][-]{section.10.2}{Line\346re funksjoner og grafer}{chapter.10}% 59
\BOOKMARK [1][-]{section*.114}{Oppgaver}{chapter.10}% 60
\BOOKMARK [0][-]{chapter.11}{Geometri}{part.2}% 61
\BOOKMARK [1][-]{section.11.1}{Formler for areal og omkrets}{chapter.11}% 62
\BOOKMARK [1][-]{section.11.2}{Kongruente og formlike trekanter}{chapter.11}% 63
\BOOKMARK [1][-]{section.11.3}{Forklaringar}{chapter.11}% 64
\BOOKMARK [0][-]{section*.129}{Fasit}{part.2}% 65
\BOOKMARK [0][-]{chapter*.132}{Indeks}{part.2}% 66
